<?xml version="1.0" encoding="UTF-8"?>
<!-- Generated by org.testng.reporters.JUnitReportReporter -->
<testsuite hostname="WIN-46969103703" failures="0" tests="2" name="testcases.ApiTestCases" time="0.710" errors="0" timestamp="22 Nov 2022 09:56:54 GMT" skipped="0">
  <testcase classname="testcases.ApiTestCases" name="getLoginTests" time="0.679"/>
  <testcase classname="testcases.ApiTestCases" name="getLogoutTests" time="0.031"/>
</testsuite> <!-- testcases.ApiTestCases -->
